0 silly argv {
0 silly argv   _: [ 'version' ],
0 silly argv   lernaVersion: '3.20.2',
0 silly argv   '$0': '/Users/gaowujun/tanzhou/tz-chart/node_modules/.bin/lerna'
0 silly argv }
1 notice cli v3.20.2
2 verbose rootPath /Users/gaowujun/tanzhou/tz-chart
3 info current version 1.1.0-y.1
4 silly isAnythingCommitted
5 verbose isAnythingCommitted 1
6 silly currentBranch
7 verbose currentBranch master
8 silly remoteBranchExists
9 silly isBehindUpstream
10 silly isBehindUpstream master is behind origin/master by 0 commit(s) and ahead by 0
11 silly hasTags
12 verbose hasTags true
13 silly git-describe.sync "v1.1.0-y.1-1-g9b991ea" => {"lastTagName":"v1.1.0-y.1","lastVersion":"v1.1.0-y.1","refCount":"1","sha":"9b991ea","isDirty":false}
14 info Looking for changed packages since v1.1.0-y.1
15 silly checking diff
16 silly found diff in docs/funnel.md
16 silly found diff in docs/index copy.js
16 silly found diff in docs/index.js
16 silly found diff in docs/index.min.js
16 silly found diff in docs/pie.md
16 silly found diff in examples/data/funnel.js
16 silly found diff in examples/data/line.js
16 silly found diff in examples/data/pie.js
16 silly found diff in examples/pages/chart.vue
16 silly found diff in src/constants.js
16 silly found diff in src/packages/funnel/main.js
16 silly found diff in src/packages/pie/main.js
17 verbose filtered diff [
17 verbose filtered diff   'docs/funnel.md',
17 verbose filtered diff   'docs/index copy.js',
17 verbose filtered diff   'docs/index.js',
17 verbose filtered diff   'docs/index.min.js',
17 verbose filtered diff   'docs/pie.md',
17 verbose filtered diff   'examples/data/funnel.js',
17 verbose filtered diff   'examples/data/line.js',
17 verbose filtered diff   'examples/data/pie.js',
17 verbose filtered diff   'examples/pages/chart.vue',
17 verbose filtered diff   'src/constants.js',
17 verbose filtered diff   'src/packages/funnel/main.js',
17 verbose filtered diff   'src/packages/pie/main.js'
17 verbose filtered diff ]
18 verbose updated @tzfe/v-charts
19 info version rooted leaf detected, skipping synthetic root lifecycles
20 verbose git-describe undefined => "v1.1.0-y.1-1-g9b991ea"
21 silly git-describe parsed => {"lastTagName":"v1.1.0-y.1","lastVersion":"v1.1.0-y.1","refCount":"1","sha":"9b991ea","isDirty":false}
22 info execute Skipping releases
23 silly lifecycle No script for "preversion" in "@tzfe/v-charts", continuing
24 silly lifecycle "version" starting in "@tzfe/v-charts"
25 info lifecycle @tzfe/v-charts@1.1.0-alpha.0~version: @tzfe/v-charts@1.1.0-alpha.0
26 verbose lifecycle @tzfe/v-charts@1.1.0-alpha.0~version: unsafe-perm in lifecycle true
27 verbose lifecycle @tzfe/v-charts@1.1.0-alpha.0~version: PATH: /Users/gaowujun/tanzhou/tz-chart/node_modules/npm-lifecycle/node-gyp-bin:/Users/gaowujun/tanzhou/tz-chart/node_modules/.bin:/usr/local/lib/node_modules/cnpm/node_modules/npm/node_modules/npm-lifecycle/node-gyp-bin:/Users/gaowujun/tanzhou/tz-chart/node_modules/.bin:/usr/local/Cellar/mongodb@3.4/3.4.18/bin:/Users/gaowujun/work/flutter/bin:/usr/local/bin:/usr/bin:/bin:/usr/sbin:/sbin:/Library/Frameworks/Mono.framework/Versions/Current/Commands:/usr/local/Cellar/mongodb@3.4/3.4.18/bin:/Users/gaowujun/work/flutter/bin:/Library/Frameworks/Mono.framework/Versions/Current/Commands}}
28 verbose lifecycle @tzfe/v-charts@1.1.0-alpha.0~version: CWD: /Users/gaowujun/tanzhou/tz-chart
29 silly lifecycle @tzfe/v-charts@1.1.0-alpha.0~version: Args: [
29 silly lifecycle   '-c',
29 silly lifecycle   'conventional-changelog -p angular -i CHANGELOG.md -s && conventional-changelog -p angular -i CHANGELOG_CN.md -s && git add CHANGELOG.md CHANGELOG_CN.md'
29 silly lifecycle ]
30 silly lifecycle @tzfe/v-charts@1.1.0-alpha.0~version: Returned: code: 0  signal: null
31 silly lifecycle "version" finished in "@tzfe/v-charts"
32 silly gitAdd [
32 silly gitAdd   '/Users/gaowujun/tanzhou/tz-chart/package.json',
32 silly gitAdd   '/Users/gaowujun/tanzhou/tz-chart/lerna.json'
32 silly gitAdd ]
33 silly gitCommit v1.1.0-alpha.0
34 verbose git [ 'commit', '-m', 'v1.1.0-alpha.0' ]
35 silly gitTag v1.1.0-alpha.0
36 verbose git [ 'tag', 'v1.1.0-alpha.0', '-m', 'v1.1.0-alpha.0' ]
37 error Error: Command failed: git tag v1.1.0-alpha.0 -m v1.1.0-alpha.0
37 error fatal: tag 'v1.1.0-alpha.0' already exists
37 error
37 error     at makeError (/Users/gaowujun/tanzhou/tz-chart/node_modules/execa/index.js:174:9)
37 error     at /Users/gaowujun/tanzhou/tz-chart/node_modules/execa/index.js:278:16
37 error     at processTicksAndRejections (internal/process/task_queues.js:93:5)
